<?xml version="1.0" encoding="UTF-8"?>
<!-- Generated by org.testng.reporters.JUnitReportReporter -->
<testsuite hostname="JincyAmal" failures="0" tests="1" name="test.LoginchkFb" time="23.674" errors="0" timestamp="2023-11-16T12:39:49 IST" skipped="0">
  <testcase classname="test.LoginchkFb" name="verify_login" time="23.674"/>
  <system-out/>
</testsuite> <!-- test.LoginchkFb -->
