<?xml version="1.0" encoding="UTF-8"?>
<!-- Generated by org.testng.reporters.JUnitReportReporter -->
<testsuite hostname="JincyAmal" failures="0" tests="2" name="assignments.crossbrow" time="33.362" errors="0" timestamp="2023-12-16T06:08:12 IST" skipped="0">
  <testcase classname="assignments.crossbrow" name="load" time="20.253"/>
  <system-out/>
  <testcase classname="assignments.crossbrow" name="load" time="13.109"/>
  <system-out/>
</testsuite> <!-- assignments.crossbrow -->
