<?xml version="1.0" encoding="UTF-8"?>
<!-- Generated by org.testng.reporters.JUnitReportReporter -->
<testsuite hostname="JincyAmal" failures="0" tests="2" name="automationTestng.crossBrowsertest" time="2.583" errors="0" timestamp="2023-11-01T14:58:30 IST" skipped="0">
  <testcase classname="automationTestng.crossBrowsertest" name="fun_open" time="0.992"/>
  <system-out/>
  <testcase classname="automationTestng.crossBrowsertest" name="fun_open" time="1.591"/>
  <system-out/>
</testsuite> <!-- automationTestng.crossBrowsertest -->
