<?xml version="1.0" encoding="UTF-8"?>
<!-- Generated by org.testng.reporters.JUnitReportReporter -->
<testsuite hostname="JincyAmal" failures="0" tests="1" name="automationTestng.GoogleLogo" time="3.933" errors="0" timestamp="2023-11-03T07:51:16 IST" skipped="0">
  <testcase classname="automationTestng.GoogleLogo" name="checkLogo" time="3.933"/>
  <system-out/>
</testsuite> <!-- automationTestng.GoogleLogo -->
