<?xml version="1.0" encoding="UTF-8"?>
<!-- Generated by org.testng.reporters.JUnitReportReporter -->
<testsuite hostname="JincyAmal" failures="0" tests="1" name="automationTestng.logovefification" time="2.390" errors="0" timestamp="2023-11-03T07:54:59 IST" skipped="0">
  <testcase classname="automationTestng.logovefification" name="checkLogo" time="2.390"/>
  <system-out/>
</testsuite> <!-- automationTestng.logovefification -->
