<?xml version="1.0" encoding="UTF-8"?>
<!-- Generated by org.testng.reporters.JUnitReportReporter -->
<testsuite hostname="JincyAmal" failures="0" tests="1" name="automationTestng.fbLogin" time="4.609" errors="0" timestamp="2023-11-13T11:51:54 IST" skipped="0">
  <testcase classname="automationTestng.fbLogin" name="verify_login" time="4.609"/>
  <system-out/>
</testsuite> <!-- automationTestng.fbLogin -->
