<?xml version="1.0" encoding="UTF-8"?>
<!-- Generated by org.testng.reporters.JUnitReportReporter -->
<testsuite hostname="JincyAmal" failures="0" tests="1" name="automationTestng.SamplCopypaste" time="3.004" errors="0" timestamp="2023-11-02T14:26:27 IST" skipped="0">
  <testcase classname="automationTestng.SamplCopypaste" name="fun_cpPaste" time="3.004"/>
  <system-out/>
</testsuite> <!-- automationTestng.SamplCopypaste -->
