<?xml version="1.0" encoding="UTF-8"?>
<!-- Generated by org.testng.reporters.JUnitReportReporter -->
<testsuite hostname="JincyAmal" failures="0" tests="1" name="automationTestng.datePikPgm" time="26.324" errors="0" timestamp="2023-11-17T08:13:00 IST" skipped="0">
  <testcase classname="automationTestng.datePikPgm" name="fun_datePick" time="26.324"/>
  <system-out/>
</testsuite> <!-- automationTestng.datePikPgm -->
