<?xml version="1.0" encoding="UTF-8"?>
<!-- Generated by org.testng.reporters.JUnitReportReporter -->
<testsuite hostname="JincyAmal" failures="0" tests="1" name="automationTestng.FileUpldPgm" time="10.099" errors="0" timestamp="2023-12-15T12:53:17 IST" skipped="0">
  <testcase classname="automationTestng.FileUpldPgm" name="verify_fileUpld" time="10.099"/>
  <system-out/>
</testsuite> <!-- automationTestng.FileUpldPgm -->
