<?xml version="1.0" encoding="UTF-8"?>
<!-- Generated by org.testng.reporters.JUnitReportReporter -->
<testsuite hostname="JincyAmal" failures="0" tests="1" name="automationTestng.TestActions" time="7.503" errors="0" timestamp="2023-11-02T15:21:15 IST" skipped="0">
  <testcase classname="automationTestng.TestActions" name="alert_action" time="7.503"/>
  <system-out/>
</testsuite> <!-- automationTestng.TestActions -->
