<?xml version="1.0" encoding="UTF-8"?>
<!-- Generated by org.testng.reporters.JUnitReportReporter -->
<testsuite hostname="JincyAmal" failures="0" tests="1" name="automationTestng.mousehoverng" time="7.930" errors="0" timestamp="2023-11-29T08:00:46 IST" skipped="0">
  <testcase classname="automationTestng.mousehoverng" name="dragDtop" time="7.930"/>
  <system-out/>
</testsuite> <!-- automationTestng.mousehoverng -->
