<?xml version="1.0" encoding="UTF-8"?>
<!-- Generated by org.testng.reporters.JUnitReportReporter -->
<testsuite hostname="JincyAmal" failures="0" tests="1" name="assignments.brokenLinks" time="402.556" errors="0" timestamp="2023-11-10T15:38:53 IST" skipped="0">
  <testcase classname="assignments.brokenLinks" name="verify_link" time="402.556"/>
  <system-out/>
</testsuite> <!-- assignments.brokenLinks -->
