<?xml version="1.0" encoding="UTF-8"?>
<!-- Generated by org.testng.reporters.JUnitReportReporter -->
<testsuite hostname="JincyAmal" failures="0" tests="1" name="test.fblinkTest" time="5.643" errors="0" timestamp="2023-12-27T20:21:58 IST" skipped="0">
  <testcase classname="test.fblinkTest" name="check" time="5.643"/>
  <system-out/>
</testsuite> <!-- test.fblinkTest -->
