<?xml version="1.0" encoding="UTF-8"?>
<!-- Generated by org.testng.reporters.JUnitReportReporter -->
<testsuite hostname="JincyAmal" failures="0" tests="1" name="automationTestng.DragndDrop" time="7.305" errors="0" timestamp="2023-11-03T11:51:42 IST" skipped="0">
  <testcase classname="automationTestng.DragndDrop" name="dragDtop" time="7.305"/>
  <system-out/>
</testsuite> <!-- automationTestng.DragndDrop -->
