<?xml version="1.0" encoding="UTF-8"?>
<!-- Generated by org.testng.reporters.JUnitReportReporter -->
<testsuite hostname="JincyAmal" failures="0" tests="1" name="automationTestng.samplAsser" time="1.637" errors="0" timestamp="2023-11-13T23:19:27 IST" skipped="0">
  <testcase classname="automationTestng.samplAsser" name="Title_verify" time="1.637"/>
  <system-out/>
</testsuite> <!-- automationTestng.samplAsser -->
