<?xml version="1.0" encoding="UTF-8"?>
<!-- Generated by org.testng.reporters.JUnitReportReporter -->
<testsuite hostname="JincyAmal" failures="0" tests="3" name="automationTestng.extentReport" time="13.546" errors="0" timestamp="2023-12-09T11:46:58 IST" skipped="0">
  <testcase classname="automationTestng.extentReport" name="title_chk" time="1.740"/>
  <system-out/>
  <testcase classname="automationTestng.extentReport" name="print_screen" time="9.253"/>
  <system-out/>
  <testcase classname="automationTestng.extentReport" name="verify_login1" time="2.553"/>
  <system-out/>
</testsuite> <!-- automationTestng.extentReport -->
