<?xml version="1.0" encoding="UTF-8"?>
<!-- Generated by org.testng.reporters.JUnitReportReporter -->
<testsuite hostname="JincyAmal" failures="0" tests="1" name="automationTestng.sampleGroupng" time="2.674" errors="0" timestamp="2023-10-31T14:21:40 IST" skipped="0">
  <testcase classname="automationTestng.sampleGroupng" name="testHead" time="2.674"/>
  <system-out/>
</testsuite> <!-- automationTestng.sampleGroupng -->
