<?xml version="1.0" encoding="UTF-8"?>
<!-- Generated by org.testng.reporters.JUnitReportReporter -->
<testsuite hostname="JincyAmal" failures="0" tests="1" name="test.fbtest" time="0.391" errors="0" timestamp="2023-11-15T07:22:49 IST" skipped="0">
  <testcase classname="test.fbtest" name="log_chk" time="0.391"/>
  <system-out/>
</testsuite> <!-- test.fbtest -->
