<?xml version="1.0" encoding="UTF-8"?>
<!-- Generated by org.testng.reporters.JUnitReportReporter -->
<testsuite hostname="JincyAmal" failures="0" tests="2" name="automationTestng.sampleTestng" time="4.970" errors="0" timestamp="2023-11-01T19:23:16 IST" skipped="0">
  <testcase classname="automationTestng.sampleTestng" name="testemail" time="3.673"/>
  <system-out/>
  <testcase classname="automationTestng.sampleTestng" name="testHead" time="1.297"/>
  <system-out/>
</testsuite> <!-- automationTestng.sampleTestng -->
