<?xml version="1.0" encoding="UTF-8"?>
<!-- Generated by org.testng.reporters.JUnitReportReporter -->
<testsuite hostname="JincyAmal" failures="0" tests="1" name="automationTestng.SamplPara" time="0.009" errors="0" timestamp="2023-10-31T14:57:49 IST" skipped="0">
  <testcase classname="automationTestng.SamplPara" name="print" time="0.009"/>
  <system-out/>
</testsuite> <!-- automationTestng.SamplPara -->
