<?xml version="1.0" encoding="UTF-8"?>
<!-- Generated by org.testng.reporters.JUnitReportReporter -->
<testsuite hostname="JincyAmal" failures="0" tests="1" name="automationTestng.sampleGoogle" time="1.383" errors="0" timestamp="2023-11-01T14:44:07 IST" skipped="0">
  <testcase classname="automationTestng.sampleGoogle" name="serch" time="1.383"/>
  <system-out/>
</testsuite> <!-- automationTestng.sampleGoogle -->
